2023-01-16 10:57:50,004 [Worker-5: Loading available Gradle versions] INFO  o.e.b.c.i.u.g.PublishedGradleVersions - Gradle version information cache is out-of-date. Trying to update.
2023-01-16 10:57:51,224 [Worker-5: Loading available Gradle versions] INFO  o.e.b.c.i.u.g.PublishedGradleVersions - Updating Gradle version information cache failed. Using outdated cache.
2023-01-16 12:46:38,124 [Worker-19: Building] INFO  o.e.m.c.i.l.LifecycleMappingFactory - Using org.eclipse.m2e.jdt.JarLifecycleMapping lifecycle mapping for MavenProject: com.mohit:CrudOperation-SBT:0.0.1-SNAPSHOT @ C:\CrudOperation-SBT\pom.xml.
2023-01-16 12:46:39,413 [Worker-19: Building] INFO  o.a.m.s.f.DefaultMavenResourcesFiltering - Copying 1 resource
2023-01-16 12:46:39,470 [Worker-19: Building] INFO  o.a.m.s.f.DefaultMavenResourcesFiltering - Copying 0 resource
2023-01-16 12:46:39,477 [Worker-19: Building] INFO  o.a.m.s.f.DefaultMavenResourcesFiltering - skip non existing resourceDirectory C:\CrudOperation-SBT\src\test\resources
2023-01-16 12:46:41,058 [Worker-21: Building] INFO  o.a.m.s.f.DefaultMavenResourcesFiltering - Copying 1 resource
2023-01-16 12:46:41,080 [Worker-21: Building] INFO  o.a.m.s.f.DefaultMavenResourcesFiltering - Copying 0 resource
2023-01-16 12:46:41,085 [Worker-21: Building] INFO  o.a.m.s.f.DefaultMavenResourcesFiltering - skip non existing resourceDirectory C:\CrudOperation-SBT\src\test\resources
2023-01-16 12:48:19,182 [Worker-18: Building] INFO  o.e.m.c.i.l.LifecycleMappingFactory - Using org.maven.ide.eclipse.wtp.WarLifecycleMapping lifecycle mapping for MavenProject: com.mohit:CrudApplicationSpringBootEX:0.0.1-SNAPSHOT @ C:\CrudApplicationSpringBootEX\pom.xml.
2023-01-16 12:48:20,106 [Worker-18: Building] INFO  o.a.m.s.f.DefaultMavenResourcesFiltering - Copying 1 resource
2023-01-16 12:48:20,122 [Worker-18: Building] INFO  o.a.m.s.f.DefaultMavenResourcesFiltering - Copying 0 resource
2023-01-16 12:48:20,125 [Worker-18: Building] INFO  o.a.m.s.f.DefaultMavenResourcesFiltering - skip non existing resourceDirectory C:\CrudApplicationSpringBootEX\src\test\resources
2023-01-16 12:48:21,195 [Worker-18: Updating Maven Dependencies] INFO  o.e.m.c.i.l.LifecycleMappingFactory - Using org.maven.ide.eclipse.wtp.WarLifecycleMapping lifecycle mapping for MavenProject: com.mohit:CrudApplicationSpringBootEX:0.0.1-SNAPSHOT @ C:\CrudApplicationSpringBootEX\pom.xml.
2023-01-16 12:48:40,494 [Worker-21: Building] INFO  o.a.m.s.f.DefaultMavenResourcesFiltering - Copying 1 resource
2023-01-16 12:48:40,509 [Worker-21: Building] INFO  o.a.m.s.f.DefaultMavenResourcesFiltering - Copying 0 resource
2023-01-16 12:48:40,512 [Worker-21: Building] INFO  o.a.m.s.f.DefaultMavenResourcesFiltering - skip non existing resourceDirectory C:\CrudApplicationSpringBootEX\src\test\resources
2023-01-16 14:38:04,609 [Worker-26: Import Getting Started Content] INFO  o.e.m.c.i.l.LifecycleMappingFactory - Using org.maven.ide.eclipse.wtp.WarLifecycleMapping lifecycle mapping for MavenProject: com.example:SpringBootCrudOperationEx:0.0.1-SNAPSHOT @ C:\Sts\SpringBootCrudOperationEx\pom.xml.
2023-01-16 14:38:05,440 [Worker-26: Import Getting Started Content] INFO  o.e.m.j.i.AbstractJavaProjectConfigurator - Adding source folder /SpringBootCrudOperationEx/src/main/java
2023-01-16 14:38:05,440 [Worker-26: Import Getting Started Content] INFO  o.e.m.j.i.AbstractJavaProjectConfigurator - Adding resource folder /SpringBootCrudOperationEx/src/main/resources
2023-01-16 14:38:05,451 [Worker-26: Import Getting Started Content] INFO  o.e.m.j.i.AbstractJavaProjectConfigurator - Adding resource folder /SpringBootCrudOperationEx/src/main/resources
2023-01-16 14:38:05,465 [Worker-26: Import Getting Started Content] INFO  o.e.m.j.i.AbstractJavaProjectConfigurator - Adding source folder /SpringBootCrudOperationEx/src/test/java
2023-01-16 14:38:07,815 [Worker-26: Import Getting Started Content] INFO  o.e.m.c.i.p.ProjectConfigurationManager - Imported and configured 1 project(s) in 3 sec
2023-01-16 14:38:07,823 [Worker-26: Import Getting Started Content] INFO  o.e.m.c.i.p.ProjectConfigurationManager - Update started
2023-01-16 14:38:08,156 [Worker-26: Import Getting Started Content] INFO  o.e.m.c.i.l.LifecycleMappingFactory - Using org.maven.ide.eclipse.wtp.WarLifecycleMapping lifecycle mapping for MavenProject: com.example:SpringBootCrudOperationEx:0.0.1-SNAPSHOT @ C:\Sts\SpringBootCrudOperationEx\pom.xml.
2023-01-16 14:38:09,050 [Worker-26: Import Getting Started Content] INFO  o.e.m.j.i.AbstractJavaProjectConfigurator - Adding source folder /SpringBootCrudOperationEx/src/main/java
2023-01-16 14:38:09,051 [Worker-26: Import Getting Started Content] INFO  o.e.m.j.i.AbstractJavaProjectConfigurator - Adding resource folder /SpringBootCrudOperationEx/src/main/resources
2023-01-16 14:38:09,052 [Worker-26: Import Getting Started Content] INFO  o.e.m.j.i.AbstractJavaProjectConfigurator - Adding resource folder /SpringBootCrudOperationEx/src/main/resources
2023-01-16 14:38:09,054 [Worker-26: Import Getting Started Content] INFO  o.e.m.j.i.AbstractJavaProjectConfigurator - Adding source folder /SpringBootCrudOperationEx/src/test/java
2023-01-16 14:38:10,133 [Worker-26: Import Getting Started Content] INFO  o.e.m.w.i.f.ResourceFilteringBuildParticipant - Cleaning filtered folder for SpringBootCrudOperationEx
2023-01-16 14:38:10,145 [Worker-26: Import Getting Started Content] INFO  o.e.m.c.i.p.ProjectConfigurationManager - Update completed for 1 poms: local refresh takes 0.00 sec, refresh facades takes 1.00 sec, update config takes 0.00 sec 
2023-01-16 14:38:11,956 [Worker-28: Building] INFO  o.e.m.w.i.f.ResourceFilteringBuildParticipant - Changed resources require a complete clean of filtered resources of SpringBootCrudOperationEx
2023-01-16 14:38:11,958 [Worker-28: Building] INFO  o.e.m.w.i.f.ResourceFilteringBuildParticipant - Executing resource filtering for SpringBootCrudOperationEx
2023-01-16 15:42:44,134 [Worker-38: Building] INFO  o.a.m.s.f.DefaultMavenResourcesFiltering - Copying 1 resource
2023-01-16 15:42:44,156 [Worker-38: Building] INFO  o.a.m.s.f.DefaultMavenResourcesFiltering - Copying 0 resource
2023-01-16 15:42:44,161 [Worker-38: Building] INFO  o.a.m.s.f.DefaultMavenResourcesFiltering - skip non existing resourceDirectory C:\Sts\SpringBootCrudOperationEx\src\test\resources
2023-01-16 15:43:36,076 [Worker-35: Building] INFO  o.a.m.s.f.DefaultMavenResourcesFiltering - Copying 1 resource
2023-01-16 15:43:36,154 [Worker-35: Building] INFO  o.a.m.s.f.DefaultMavenResourcesFiltering - Copying 0 resource
2023-01-16 15:43:36,161 [Worker-35: Building] INFO  o.a.m.s.f.DefaultMavenResourcesFiltering - skip non existing resourceDirectory C:\Sts\SpringBootCrudOperationEx\src\test\resources
2023-01-16 15:44:36,361 [Worker-37: Building] INFO  o.a.m.s.f.DefaultMavenResourcesFiltering - Copying 1 resource
2023-01-16 15:44:36,375 [Worker-37: Building] INFO  o.a.m.s.f.DefaultMavenResourcesFiltering - Copying 0 resource
2023-01-16 15:44:36,380 [Worker-37: Building] INFO  o.a.m.s.f.DefaultMavenResourcesFiltering - skip non existing resourceDirectory C:\Sts\SpringBootCrudOperationEx\src\test\resources
2023-01-16 15:45:42,080 [Worker-35: Building] INFO  o.a.m.s.f.DefaultMavenResourcesFiltering - Copying 1 resource
2023-01-16 15:45:42,173 [Worker-35: Building] INFO  o.a.m.s.f.DefaultMavenResourcesFiltering - Copying 0 resource
2023-01-16 15:45:42,179 [Worker-35: Building] INFO  o.a.m.s.f.DefaultMavenResourcesFiltering - skip non existing resourceDirectory C:\Sts\SpringBootCrudOperationEx\src\test\resources
2023-01-16 15:46:25,453 [Worker-40: Building] INFO  o.a.m.s.f.DefaultMavenResourcesFiltering - Copying 1 resource
2023-01-16 15:46:25,521 [Worker-40: Building] INFO  o.a.m.s.f.DefaultMavenResourcesFiltering - Copying 0 resource
2023-01-16 15:46:25,526 [Worker-40: Building] INFO  o.a.m.s.f.DefaultMavenResourcesFiltering - skip non existing resourceDirectory C:\Sts\SpringBootCrudOperationEx\src\test\resources
2023-01-16 15:47:14,331 [Worker-39: Building] INFO  o.a.m.s.f.DefaultMavenResourcesFiltering - Copying 1 resource
2023-01-16 15:47:14,440 [Worker-39: Building] INFO  o.a.m.s.f.DefaultMavenResourcesFiltering - Copying 0 resource
2023-01-16 15:47:14,449 [Worker-39: Building] INFO  o.a.m.s.f.DefaultMavenResourcesFiltering - skip non existing resourceDirectory C:\Sts\SpringBootCrudOperationEx\src\test\resources
2023-01-16 15:47:51,536 [Worker-39: Building] INFO  o.a.m.s.f.DefaultMavenResourcesFiltering - Copying 1 resource
2023-01-16 15:47:51,604 [Worker-39: Building] INFO  o.a.m.s.f.DefaultMavenResourcesFiltering - Copying 0 resource
2023-01-16 15:47:51,610 [Worker-39: Building] INFO  o.a.m.s.f.DefaultMavenResourcesFiltering - skip non existing resourceDirectory C:\Sts\SpringBootCrudOperationEx\src\test\resources
2023-01-16 15:48:49,414 [Worker-29: Building] INFO  o.a.m.s.f.DefaultMavenResourcesFiltering - Copying 1 resource
2023-01-16 15:48:49,503 [Worker-29: Building] INFO  o.a.m.s.f.DefaultMavenResourcesFiltering - Copying 0 resource
2023-01-16 15:48:49,509 [Worker-29: Building] INFO  o.a.m.s.f.DefaultMavenResourcesFiltering - skip non existing resourceDirectory C:\Sts\SpringBootCrudOperationEx\src\test\resources
2023-01-16 15:51:36,656 [Worker-40: Building] INFO  o.a.m.s.f.DefaultMavenResourcesFiltering - Copying 1 resource
2023-01-16 15:51:36,677 [Worker-40: Building] INFO  o.a.m.s.f.DefaultMavenResourcesFiltering - Copying 0 resource
2023-01-16 15:51:36,683 [Worker-40: Building] INFO  o.a.m.s.f.DefaultMavenResourcesFiltering - skip non existing resourceDirectory C:\Sts\SpringBootCrudOperationEx\src\test\resources
2023-01-17 10:34:28,920 [Worker-1: Loading available Gradle versions] INFO  o.e.b.c.i.u.g.PublishedGradleVersions - Gradle version information cache is out-of-date. Trying to update.
2023-01-17 10:34:31,393 [Worker-1: Loading available Gradle versions] INFO  o.e.b.c.i.u.g.PublishedGradleVersions - Updating Gradle version information cache failed. Using outdated cache.
2023-01-17 10:39:27,712 [Worker-2: Building] INFO  o.a.m.s.f.DefaultMavenResourcesFiltering - Copying 1 resource
2023-01-17 10:39:27,763 [Worker-2: Building] INFO  o.a.m.s.f.DefaultMavenResourcesFiltering - Copying 0 resource
2023-01-17 10:39:27,766 [Worker-2: Building] INFO  o.a.m.s.f.DefaultMavenResourcesFiltering - skip non existing resourceDirectory C:\Sts\SpringBootCrudOperationEx\src\test\resources
2023-01-17 10:40:15,226 [Worker-17: Building] INFO  o.a.m.s.f.DefaultMavenResourcesFiltering - Copying 1 resource
2023-01-17 10:40:15,246 [Worker-17: Building] INFO  o.a.m.s.f.DefaultMavenResourcesFiltering - Copying 0 resource
2023-01-17 10:40:15,251 [Worker-17: Building] INFO  o.a.m.s.f.DefaultMavenResourcesFiltering - skip non existing resourceDirectory C:\Sts\SpringBootCrudOperationEx\src\test\resources
2023-01-17 10:40:23,000 [Worker-17: Building] INFO  o.a.m.s.f.DefaultMavenResourcesFiltering - Copying 1 resource
2023-01-17 10:40:23,005 [Worker-17: Building] INFO  o.a.m.s.f.DefaultMavenResourcesFiltering - Copying 0 resource
2023-01-17 10:40:23,008 [Worker-17: Building] INFO  o.a.m.s.f.DefaultMavenResourcesFiltering - skip non existing resourceDirectory C:\Sts\SpringBootCrudOperationEx\src\test\resources
2023-01-17 10:41:34,192 [Worker-18: Building] INFO  o.a.m.s.f.DefaultMavenResourcesFiltering - Copying 1 resource
2023-01-17 10:41:34,199 [Worker-18: Building] INFO  o.a.m.s.f.DefaultMavenResourcesFiltering - Copying 0 resource
2023-01-17 10:41:34,201 [Worker-18: Building] INFO  o.a.m.s.f.DefaultMavenResourcesFiltering - skip non existing resourceDirectory C:\Sts\SpringBootCrudOperationEx\src\test\resources
2023-01-17 10:42:49,524 [Worker-17: Building] INFO  o.a.m.s.f.DefaultMavenResourcesFiltering - Copying 1 resource
2023-01-17 10:42:49,542 [Worker-17: Building] INFO  o.a.m.s.f.DefaultMavenResourcesFiltering - Copying 0 resource
2023-01-17 10:42:49,545 [Worker-17: Building] INFO  o.a.m.s.f.DefaultMavenResourcesFiltering - skip non existing resourceDirectory C:\Sts\SpringBootCrudOperationEx\src\test\resources
2023-01-17 10:45:00,153 [Worker-19: Building] INFO  o.a.m.s.f.DefaultMavenResourcesFiltering - Copying 1 resource
2023-01-17 10:45:00,160 [Worker-19: Building] INFO  o.a.m.s.f.DefaultMavenResourcesFiltering - Copying 0 resource
2023-01-17 10:45:00,164 [Worker-19: Building] INFO  o.a.m.s.f.DefaultMavenResourcesFiltering - skip non existing resourceDirectory C:\Sts\SpringBootCrudOperationEx\src\test\resources
2023-01-17 10:48:43,917 [Worker-20: Building] INFO  o.a.m.s.f.DefaultMavenResourcesFiltering - Copying 1 resource
2023-01-17 10:48:43,928 [Worker-20: Building] INFO  o.a.m.s.f.DefaultMavenResourcesFiltering - Copying 0 resource
2023-01-17 10:48:43,932 [Worker-20: Building] INFO  o.a.m.s.f.DefaultMavenResourcesFiltering - skip non existing resourceDirectory C:\Sts\SpringBootCrudOperationEx\src\test\resources
2023-01-17 10:50:54,035 [Worker-23: Building] INFO  o.a.m.s.f.DefaultMavenResourcesFiltering - Copying 1 resource
2023-01-17 10:50:54,042 [Worker-23: Building] INFO  o.a.m.s.f.DefaultMavenResourcesFiltering - Copying 0 resource
2023-01-17 10:50:54,047 [Worker-23: Building] INFO  o.a.m.s.f.DefaultMavenResourcesFiltering - skip non existing resourceDirectory C:\Sts\SpringBootCrudOperationEx\src\test\resources
2023-01-17 10:51:27,584 [Worker-19: Building] INFO  o.a.m.s.f.DefaultMavenResourcesFiltering - Copying 1 resource
2023-01-17 10:51:27,590 [Worker-19: Building] INFO  o.a.m.s.f.DefaultMavenResourcesFiltering - Copying 0 resource
2023-01-17 10:51:27,594 [Worker-19: Building] INFO  o.a.m.s.f.DefaultMavenResourcesFiltering - skip non existing resourceDirectory C:\Sts\SpringBootCrudOperationEx\src\test\resources
2023-01-17 10:52:01,386 [Worker-19: Building] INFO  o.a.m.s.f.DefaultMavenResourcesFiltering - Copying 1 resource
2023-01-17 10:52:01,392 [Worker-19: Building] INFO  o.a.m.s.f.DefaultMavenResourcesFiltering - Copying 0 resource
2023-01-17 10:52:01,394 [Worker-19: Building] INFO  o.a.m.s.f.DefaultMavenResourcesFiltering - skip non existing resourceDirectory C:\Sts\SpringBootCrudOperationEx\src\test\resources
2023-01-17 10:52:25,024 [Worker-21: Launching SpringBootCrudOperationEx - SpringBootCrudOperationExApplication] INFO  o.a.m.s.f.DefaultMavenResourcesFiltering - Copying 1 resource
2023-01-17 10:52:25,030 [Worker-21: Launching SpringBootCrudOperationEx - SpringBootCrudOperationExApplication] INFO  o.a.m.s.f.DefaultMavenResourcesFiltering - Copying 0 resource
2023-01-17 10:52:25,034 [Worker-21: Launching SpringBootCrudOperationEx - SpringBootCrudOperationExApplication] INFO  o.a.m.s.f.DefaultMavenResourcesFiltering - skip non existing resourceDirectory C:\Sts\SpringBootCrudOperationEx\src\test\resources
2023-01-17 11:05:27,901 [Worker-25: Building] INFO  o.a.m.s.f.DefaultMavenResourcesFiltering - Copying 1 resource
2023-01-17 11:05:27,909 [Worker-25: Building] INFO  o.a.m.s.f.DefaultMavenResourcesFiltering - Copying 0 resource
2023-01-17 11:05:27,912 [Worker-25: Building] INFO  o.a.m.s.f.DefaultMavenResourcesFiltering - skip non existing resourceDirectory C:\Sts\SpringBootCrudOperationEx\src\test\resources
2023-01-17 11:05:32,638 [Worker-29: Building] INFO  o.a.m.s.f.DefaultMavenResourcesFiltering - Copying 1 resource
2023-01-17 11:05:32,644 [Worker-29: Building] INFO  o.a.m.s.f.DefaultMavenResourcesFiltering - Copying 0 resource
2023-01-17 11:05:32,646 [Worker-29: Building] INFO  o.a.m.s.f.DefaultMavenResourcesFiltering - skip non existing resourceDirectory C:\Sts\SpringBootCrudOperationEx\src\test\resources
2023-01-17 11:07:38,370 [Worker-27: Cleaning all projects] INFO  o.e.m.w.i.f.ResourceFilteringBuildParticipant - Cleaning filtered folder for SpringBootCrudOperationEx
2023-01-17 11:07:38,586 [Worker-31: Building] INFO  o.a.m.s.f.DefaultMavenResourcesFiltering - Copying 1 resource
2023-01-17 11:07:38,588 [Worker-31: Building] INFO  o.a.m.s.f.DefaultMavenResourcesFiltering - Copying 0 resource
2023-01-17 11:07:38,590 [Worker-31: Building] INFO  o.a.m.s.f.DefaultMavenResourcesFiltering - skip non existing resourceDirectory C:\Sts\SpringBootCrudOperationEx\src\test\resources
2023-01-17 11:07:38,590 [Worker-31: Building] INFO  o.e.m.w.i.f.ResourceFilteringBuildParticipant - Changed resources require a complete clean of filtered resources of SpringBootCrudOperationEx
2023-01-17 11:07:38,591 [Worker-31: Building] INFO  o.e.m.w.i.f.ResourceFilteringBuildParticipant - Executing resource filtering for SpringBootCrudOperationEx
2023-01-17 11:07:57,987 [Worker-2: Loading available Gradle versions] INFO  o.e.b.c.i.u.g.PublishedGradleVersions - Gradle version information cache is out-of-date. Trying to update.
2023-01-17 11:07:59,194 [Worker-2: Loading available Gradle versions] INFO  o.e.b.c.i.u.g.PublishedGradleVersions - Updating Gradle version information cache failed. Using outdated cache.
2023-01-17 11:10:09,134 [Worker-5: Building] INFO  o.e.m.c.i.l.LifecycleMappingFactory - Using org.maven.ide.eclipse.wtp.WarLifecycleMapping lifecycle mapping for MavenProject: com.mohit:CrudApplicationSpringBootEX:0.0.1-SNAPSHOT @ C:\CrudApplicationSpringBootEX\pom.xml.
2023-01-17 11:10:10,366 [Worker-5: Building] INFO  o.a.m.s.f.DefaultMavenResourcesFiltering - Copying 1 resource
2023-01-17 11:10:10,387 [Worker-5: Building] INFO  o.a.m.s.f.DefaultMavenResourcesFiltering - Copying 0 resource
2023-01-17 11:10:10,391 [Worker-5: Building] INFO  o.a.m.s.f.DefaultMavenResourcesFiltering - skip non existing resourceDirectory C:\CrudApplicationSpringBootEX\src\test\resources
2023-01-17 11:10:11,421 [Worker-9: Updating Maven Dependencies] INFO  o.e.m.c.i.l.LifecycleMappingFactory - Using org.maven.ide.eclipse.wtp.WarLifecycleMapping lifecycle mapping for MavenProject: com.mohit:CrudApplicationSpringBootEX:0.0.1-SNAPSHOT @ C:\CrudApplicationSpringBootEX\pom.xml.
2023-01-17 11:10:12,631 [Worker-4: Building] INFO  o.a.m.s.f.DefaultMavenResourcesFiltering - Copying 0 resource
2023-01-17 11:10:12,631 [Worker-4: Building] INFO  o.a.m.s.f.DefaultMavenResourcesFiltering - Copying 0 resource
2023-01-17 11:10:12,634 [Worker-4: Building] INFO  o.a.m.s.f.DefaultMavenResourcesFiltering - skip non existing resourceDirectory C:\CrudApplicationSpringBootEX\src\test\resources
2023-01-17 11:10:26,108 [Worker-7: Updating Maven Dependencies] INFO  o.e.m.c.i.l.LifecycleMappingFactory - Using org.eclipse.m2e.jdt.JarLifecycleMapping lifecycle mapping for MavenProject: com.mohit:CrudOperation-SBT:0.0.1-SNAPSHOT @ C:\CrudOperation-SBT\pom.xml.
2023-01-17 11:10:27,476 [Worker-0: Building] INFO  o.a.m.s.f.DefaultMavenResourcesFiltering - Copying 1 resource
2023-01-17 11:10:27,491 [Worker-0: Building] INFO  o.a.m.s.f.DefaultMavenResourcesFiltering - Copying 0 resource
2023-01-17 11:10:27,496 [Worker-0: Building] INFO  o.a.m.s.f.DefaultMavenResourcesFiltering - skip non existing resourceDirectory C:\CrudOperation-SBT\src\test\resources
2023-01-17 13:26:05,508 [Worker-14: Updating Maven Dependencies] INFO  o.e.m.c.i.l.LifecycleMappingFactory - Using org.maven.ide.eclipse.wtp.WarLifecycleMapping lifecycle mapping for MavenProject: com.example:SpringBootCrudOperationEx:0.0.1-SNAPSHOT @ C:\Sts\SpringBootCrudOperationEx\pom.xml.
2023-01-17 13:26:12,932 [Worker-11: Building] INFO  o.a.m.s.f.DefaultMavenResourcesFiltering - Copying 1 resource
2023-01-17 13:26:12,987 [Worker-11: Building] INFO  o.a.m.s.f.DefaultMavenResourcesFiltering - Copying 0 resource
2023-01-17 13:26:12,996 [Worker-11: Building] INFO  o.a.m.s.f.DefaultMavenResourcesFiltering - skip non existing resourceDirectory C:\Sts\SpringBootCrudOperationEx\src\test\resources
2023-01-17 13:26:52,477 [Worker-14: Building] INFO  o.a.m.s.f.DefaultMavenResourcesFiltering - Copying 1 resource
2023-01-17 13:26:52,486 [Worker-14: Building] INFO  o.a.m.s.f.DefaultMavenResourcesFiltering - Copying 0 resource
2023-01-17 13:26:52,491 [Worker-14: Building] INFO  o.a.m.s.f.DefaultMavenResourcesFiltering - skip non existing resourceDirectory C:\Sts\SpringBootCrudOperationEx\src\test\resources
2023-01-17 13:27:46,616 [Worker-12: Building] INFO  o.a.m.s.f.DefaultMavenResourcesFiltering - Copying 1 resource
2023-01-17 13:27:46,625 [Worker-12: Building] INFO  o.a.m.s.f.DefaultMavenResourcesFiltering - Copying 0 resource
2023-01-17 13:27:46,632 [Worker-12: Building] INFO  o.a.m.s.f.DefaultMavenResourcesFiltering - skip non existing resourceDirectory C:\Sts\SpringBootCrudOperationEx\src\test\resources
2023-01-17 13:28:56,438 [Worker-12: Building] INFO  o.a.m.s.f.DefaultMavenResourcesFiltering - Copying 1 resource
2023-01-17 13:28:56,454 [Worker-12: Building] INFO  o.a.m.s.f.DefaultMavenResourcesFiltering - Copying 0 resource
2023-01-17 13:28:56,461 [Worker-12: Building] INFO  o.a.m.s.f.DefaultMavenResourcesFiltering - skip non existing resourceDirectory C:\Sts\SpringBootCrudOperationEx\src\test\resources
2023-01-17 13:30:32,462 [Worker-13: Updating Maven Project] INFO  o.e.m.c.i.p.ProjectConfigurationManager - Update started
2023-01-17 13:30:32,923 [Worker-13: Updating Maven Project] INFO  o.e.m.c.i.l.LifecycleMappingFactory - Using org.maven.ide.eclipse.wtp.WarLifecycleMapping lifecycle mapping for MavenProject: com.example:SpringBootCrudOperationEx:0.0.1-SNAPSHOT @ C:\Sts\SpringBootCrudOperationEx\pom.xml.
2023-01-17 13:30:33,898 [Worker-13: Updating Maven Project] INFO  o.e.m.j.i.AbstractJavaProjectConfigurator - Adding source folder /SpringBootCrudOperationEx/src/main/java
2023-01-17 13:30:33,899 [Worker-13: Updating Maven Project] INFO  o.e.m.j.i.AbstractJavaProjectConfigurator - Adding resource folder /SpringBootCrudOperationEx/src/main/resources
2023-01-17 13:30:33,899 [Worker-13: Updating Maven Project] INFO  o.e.m.j.i.AbstractJavaProjectConfigurator - Adding resource folder /SpringBootCrudOperationEx/src/main/resources
2023-01-17 13:30:33,901 [Worker-13: Updating Maven Project] INFO  o.e.m.j.i.AbstractJavaProjectConfigurator - Adding source folder /SpringBootCrudOperationEx/src/test/java
2023-01-17 13:30:35,384 [Worker-13: Updating Maven Project] INFO  o.e.m.w.i.f.ResourceFilteringBuildParticipant - Cleaning filtered folder for SpringBootCrudOperationEx
2023-01-17 13:30:35,399 [Worker-13: Updating Maven Project] INFO  o.e.m.c.i.p.ProjectConfigurationManager - Update completed for 1 poms: local refresh takes 0.00 sec, refresh facades takes 1.00 sec, update config takes 1.00 sec 
2023-01-17 13:30:36,041 [Worker-11: Building] INFO  o.e.m.w.i.f.ResourceFilteringBuildParticipant - Changed resources require a complete clean of filtered resources of SpringBootCrudOperationEx
2023-01-17 13:30:36,043 [Worker-11: Building] INFO  o.e.m.w.i.f.ResourceFilteringBuildParticipant - Executing resource filtering for SpringBootCrudOperationEx
2023-01-17 13:31:11,806 [Worker-3: Launching Executing clean in C__Sts_SpringBootCrudOperationEx] INFO  o.eclipse.m2e.core.internal.Bundles - getClasspathEntries(Bundle=org.eclipse.m2e.maven.runtime_3.8.604.20221130-2149 [345])
2023-01-17 13:31:11,850 [Worker-3: Launching Executing clean in C__Sts_SpringBootCrudOperationEx] INFO  o.eclipse.m2e.core.internal.Bundles - 	Entry: C:\Users\P1346838\Downloads\sts-4.17.1.RELEASE\plugins\org.eclipse.m2e.maven.runtime_3.8.604.20221130-2149
2023-01-17 13:31:11,851 [Worker-3: Launching Executing clean in C__Sts_SpringBootCrudOperationEx] INFO  o.eclipse.m2e.core.internal.Bundles - 	Entry: C:\Users\P1346838\Downloads\sts-4.17.1.RELEASE\plugins\org.eclipse.m2e.maven.runtime_3.8.604.20221130-2149\jars\aether-connector-okhttp-0.17.8.jar
2023-01-17 13:31:11,853 [Worker-3: Launching Executing clean in C__Sts_SpringBootCrudOperationEx] INFO  o.eclipse.m2e.core.internal.Bundles - 	Entry: C:\Users\P1346838\Downloads\sts-4.17.1.RELEASE\plugins\org.eclipse.m2e.maven.runtime_3.8.604.20221130-2149\jars\commons-cli-1.4.jar
2023-01-17 13:31:11,853 [Worker-3: Launching Executing clean in C__Sts_SpringBootCrudOperationEx] INFO  o.eclipse.m2e.core.internal.Bundles - 	Entry: C:\Users\P1346838\Downloads\sts-4.17.1.RELEASE\plugins\org.eclipse.m2e.maven.runtime_3.8.604.20221130-2149\jars\commons-io-2.6.jar
2023-01-17 13:31:11,854 [Worker-3: Launching Executing clean in C__Sts_SpringBootCrudOperationEx] INFO  o.eclipse.m2e.core.internal.Bundles - 	Entry: C:\Users\P1346838\Downloads\sts-4.17.1.RELEASE\plugins\org.eclipse.m2e.maven.runtime_3.8.604.20221130-2149\jars\commons-lang3-3.8.1.jar
2023-01-17 13:31:11,855 [Worker-3: Launching Executing clean in C__Sts_SpringBootCrudOperationEx] INFO  o.eclipse.m2e.core.internal.Bundles - 	Entry: C:\Users\P1346838\Downloads\sts-4.17.1.RELEASE\plugins\org.eclipse.m2e.maven.runtime_3.8.604.20221130-2149\jars\guice-4.2.2-no_aop.jar
2023-01-17 13:31:11,856 [Worker-3: Launching Executing clean in C__Sts_SpringBootCrudOperationEx] INFO  o.eclipse.m2e.core.internal.Bundles - 	Entry: C:\Users\P1346838\Downloads\sts-4.17.1.RELEASE\plugins\org.eclipse.m2e.maven.runtime_3.8.604.20221130-2149\jars\jansi-2.4.0.jar
2023-01-17 13:31:11,857 [Worker-3: Launching Executing clean in C__Sts_SpringBootCrudOperationEx] INFO  o.eclipse.m2e.core.internal.Bundles - 	Entry: C:\Users\P1346838\Downloads\sts-4.17.1.RELEASE\plugins\org.eclipse.m2e.maven.runtime_3.8.604.20221130-2149\jars\maven-artifact-3.8.6.jar
2023-01-17 13:31:11,857 [Worker-3: Launching Executing clean in C__Sts_SpringBootCrudOperationEx] INFO  o.eclipse.m2e.core.internal.Bundles - 	Entry: C:\Users\P1346838\Downloads\sts-4.17.1.RELEASE\plugins\org.eclipse.m2e.maven.runtime_3.8.604.20221130-2149\jars\maven-builder-support-3.8.6.jar
2023-01-17 13:31:11,858 [Worker-3: Launching Executing clean in C__Sts_SpringBootCrudOperationEx] INFO  o.eclipse.m2e.core.internal.Bundles - 	Entry: C:\Users\P1346838\Downloads\sts-4.17.1.RELEASE\plugins\org.eclipse.m2e.maven.runtime_3.8.604.20221130-2149\jars\maven-compat-3.8.6.jar
2023-01-17 13:31:11,859 [Worker-3: Launching Executing clean in C__Sts_SpringBootCrudOperationEx] INFO  o.eclipse.m2e.core.internal.Bundles - 	Entry: C:\Users\P1346838\Downloads\sts-4.17.1.RELEASE\plugins\org.eclipse.m2e.maven.runtime_3.8.604.20221130-2149\jars\maven-core-3.8.6.jar
2023-01-17 13:31:11,861 [Worker-3: Launching Executing clean in C__Sts_SpringBootCrudOperationEx] INFO  o.eclipse.m2e.core.internal.Bundles - 	Entry: C:\Users\P1346838\Downloads\sts-4.17.1.RELEASE\plugins\org.eclipse.m2e.maven.runtime_3.8.604.20221130-2149\jars\maven-embedder-3.8.6.jar
2023-01-17 13:31:11,862 [Worker-3: Launching Executing clean in C__Sts_SpringBootCrudOperationEx] INFO  o.eclipse.m2e.core.internal.Bundles - 	Entry: C:\Users\P1346838\Downloads\sts-4.17.1.RELEASE\plugins\org.eclipse.m2e.maven.runtime_3.8.604.20221130-2149\jars\maven-model-3.8.6.jar
2023-01-17 13:31:11,863 [Worker-3: Launching Executing clean in C__Sts_SpringBootCrudOperationEx] INFO  o.eclipse.m2e.core.internal.Bundles - 	Entry: C:\Users\P1346838\Downloads\sts-4.17.1.RELEASE\plugins\org.eclipse.m2e.maven.runtime_3.8.604.20221130-2149\jars\maven-model-builder-3.8.6.jar
2023-01-17 13:31:11,864 [Worker-3: Launching Executing clean in C__Sts_SpringBootCrudOperationEx] INFO  o.eclipse.m2e.core.internal.Bundles - 	Entry: C:\Users\P1346838\Downloads\sts-4.17.1.RELEASE\plugins\org.eclipse.m2e.maven.runtime_3.8.604.20221130-2149\jars\maven-plugin-api-3.8.6.jar
2023-01-17 13:31:11,865 [Worker-3: Launching Executing clean in C__Sts_SpringBootCrudOperationEx] INFO  o.eclipse.m2e.core.internal.Bundles - 	Entry: C:\Users\P1346838\Downloads\sts-4.17.1.RELEASE\plugins\org.eclipse.m2e.maven.runtime_3.8.604.20221130-2149\jars\maven-repository-metadata-3.8.6.jar
2023-01-17 13:31:11,865 [Worker-3: Launching Executing clean in C__Sts_SpringBootCrudOperationEx] INFO  o.eclipse.m2e.core.internal.Bundles - 	Entry: C:\Users\P1346838\Downloads\sts-4.17.1.RELEASE\plugins\org.eclipse.m2e.maven.runtime_3.8.604.20221130-2149\jars\maven-resolver-api-1.6.3.jar
2023-01-17 13:31:11,866 [Worker-3: Launching Executing clean in C__Sts_SpringBootCrudOperationEx] INFO  o.eclipse.m2e.core.internal.Bundles - 	Entry: C:\Users\P1346838\Downloads\sts-4.17.1.RELEASE\plugins\org.eclipse.m2e.maven.runtime_3.8.604.20221130-2149\jars\maven-resolver-connector-basic-1.6.3.jar
2023-01-17 13:31:11,867 [Worker-3: Launching Executing clean in C__Sts_SpringBootCrudOperationEx] INFO  o.eclipse.m2e.core.internal.Bundles - 	Entry: C:\Users\P1346838\Downloads\sts-4.17.1.RELEASE\plugins\org.eclipse.m2e.maven.runtime_3.8.604.20221130-2149\jars\maven-resolver-impl-1.6.3.jar
2023-01-17 13:31:11,868 [Worker-3: Launching Executing clean in C__Sts_SpringBootCrudOperationEx] INFO  o.eclipse.m2e.core.internal.Bundles - 	Entry: C:\Users\P1346838\Downloads\sts-4.17.1.RELEASE\plugins\org.eclipse.m2e.maven.runtime_3.8.604.20221130-2149\jars\maven-resolver-provider-3.8.6.jar
2023-01-17 13:31:11,868 [Worker-3: Launching Executing clean in C__Sts_SpringBootCrudOperationEx] INFO  o.eclipse.m2e.core.internal.Bundles - 	Entry: C:\Users\P1346838\Downloads\sts-4.17.1.RELEASE\plugins\org.eclipse.m2e.maven.runtime_3.8.604.20221130-2149\jars\maven-resolver-spi-1.6.3.jar
2023-01-17 13:31:11,869 [Worker-3: Launching Executing clean in C__Sts_SpringBootCrudOperationEx] INFO  o.eclipse.m2e.core.internal.Bundles - 	Entry: C:\Users\P1346838\Downloads\sts-4.17.1.RELEASE\plugins\org.eclipse.m2e.maven.runtime_3.8.604.20221130-2149\jars\maven-resolver-transport-wagon-1.6.3.jar
2023-01-17 13:31:11,870 [Worker-3: Launching Executing clean in C__Sts_SpringBootCrudOperationEx] INFO  o.eclipse.m2e.core.internal.Bundles - 	Entry: C:\Users\P1346838\Downloads\sts-4.17.1.RELEASE\plugins\org.eclipse.m2e.maven.runtime_3.8.604.20221130-2149\jars\maven-resolver-util-1.6.3.jar
2023-01-17 13:31:11,870 [Worker-3: Launching Executing clean in C__Sts_SpringBootCrudOperationEx] INFO  o.eclipse.m2e.core.internal.Bundles - 	Entry: C:\Users\P1346838\Downloads\sts-4.17.1.RELEASE\plugins\org.eclipse.m2e.maven.runtime_3.8.604.20221130-2149\jars\maven-settings-3.8.6.jar
2023-01-17 13:31:11,871 [Worker-3: Launching Executing clean in C__Sts_SpringBootCrudOperationEx] INFO  o.eclipse.m2e.core.internal.Bundles - 	Entry: C:\Users\P1346838\Downloads\sts-4.17.1.RELEASE\plugins\org.eclipse.m2e.maven.runtime_3.8.604.20221130-2149\jars\maven-settings-builder-3.8.6.jar
2023-01-17 13:31:11,872 [Worker-3: Launching Executing clean in C__Sts_SpringBootCrudOperationEx] INFO  o.eclipse.m2e.core.internal.Bundles - 	Entry: C:\Users\P1346838\Downloads\sts-4.17.1.RELEASE\plugins\org.eclipse.m2e.maven.runtime_3.8.604.20221130-2149\jars\maven-shared-utils-3.3.4.jar
2023-01-17 13:31:11,873 [Worker-3: Launching Executing clean in C__Sts_SpringBootCrudOperationEx] INFO  o.eclipse.m2e.core.internal.Bundles - 	Entry: C:\Users\P1346838\Downloads\sts-4.17.1.RELEASE\plugins\org.eclipse.m2e.maven.runtime_3.8.604.20221130-2149\jars\okhttp-3.14.1.jar
2023-01-17 13:31:11,874 [Worker-3: Launching Executing clean in C__Sts_SpringBootCrudOperationEx] INFO  o.eclipse.m2e.core.internal.Bundles - 	Entry: C:\Users\P1346838\Downloads\sts-4.17.1.RELEASE\plugins\org.eclipse.m2e.maven.runtime_3.8.604.20221130-2149\jars\okio-1.17.3.jar
2023-01-17 13:31:11,874 [Worker-3: Launching Executing clean in C__Sts_SpringBootCrudOperationEx] INFO  o.eclipse.m2e.core.internal.Bundles - 	Entry: C:\Users\P1346838\Downloads\sts-4.17.1.RELEASE\plugins\org.eclipse.m2e.maven.runtime_3.8.604.20221130-2149\jars\org.eclipse.sisu.inject-0.3.5.jar
2023-01-17 13:31:11,875 [Worker-3: Launching Executing clean in C__Sts_SpringBootCrudOperationEx] INFO  o.eclipse.m2e.core.internal.Bundles - 	Entry: C:\Users\P1346838\Downloads\sts-4.17.1.RELEASE\plugins\org.eclipse.m2e.maven.runtime_3.8.604.20221130-2149\jars\org.eclipse.sisu.plexus-0.3.5.jar
2023-01-17 13:31:11,876 [Worker-3: Launching Executing clean in C__Sts_SpringBootCrudOperationEx] INFO  o.eclipse.m2e.core.internal.Bundles - 	Entry: C:\Users\P1346838\Downloads\sts-4.17.1.RELEASE\plugins\org.eclipse.m2e.maven.runtime_3.8.604.20221130-2149\jars\plexus-build-api-0.0.7.jar
2023-01-17 13:31:11,877 [Worker-3: Launching Executing clean in C__Sts_SpringBootCrudOperationEx] INFO  o.eclipse.m2e.core.internal.Bundles - 	Entry: C:\Users\P1346838\Downloads\sts-4.17.1.RELEASE\plugins\org.eclipse.m2e.maven.runtime_3.8.604.20221130-2149\jars\plexus-cipher-2.0.jar
2023-01-17 13:31:11,878 [Worker-3: Launching Executing clean in C__Sts_SpringBootCrudOperationEx] INFO  o.eclipse.m2e.core.internal.Bundles - 	Entry: C:\Users\P1346838\Downloads\sts-4.17.1.RELEASE\plugins\org.eclipse.m2e.maven.runtime_3.8.604.20221130-2149\jars\plexus-classworlds-2.6.0.jar
2023-01-17 13:31:11,879 [Worker-3: Launching Executing clean in C__Sts_SpringBootCrudOperationEx] INFO  o.eclipse.m2e.core.internal.Bundles - 	Entry: C:\Users\P1346838\Downloads\sts-4.17.1.RELEASE\plugins\org.eclipse.m2e.maven.runtime_3.8.604.20221130-2149\jars\plexus-component-annotations-2.1.0.jar
2023-01-17 13:31:11,880 [Worker-3: Launching Executing clean in C__Sts_SpringBootCrudOperationEx] INFO  o.eclipse.m2e.core.internal.Bundles - 	Entry: C:\Users\P1346838\Downloads\sts-4.17.1.RELEASE\plugins\org.eclipse.m2e.maven.runtime_3.8.604.20221130-2149\jars\plexus-interpolation-1.26.jar
2023-01-17 13:31:11,880 [Worker-3: Launching Executing clean in C__Sts_SpringBootCrudOperationEx] INFO  o.eclipse.m2e.core.internal.Bundles - 	Entry: C:\Users\P1346838\Downloads\sts-4.17.1.RELEASE\plugins\org.eclipse.m2e.maven.runtime_3.8.604.20221130-2149\jars\plexus-sec-dispatcher-2.0.jar
2023-01-17 13:31:11,881 [Worker-3: Launching Executing clean in C__Sts_SpringBootCrudOperationEx] INFO  o.eclipse.m2e.core.internal.Bundles - 	Entry: C:\Users\P1346838\Downloads\sts-4.17.1.RELEASE\plugins\org.eclipse.m2e.maven.runtime_3.8.604.20221130-2149\jars\plexus-utils-3.3.1.jar
2023-01-17 13:31:11,882 [Worker-3: Launching Executing clean in C__Sts_SpringBootCrudOperationEx] INFO  o.eclipse.m2e.core.internal.Bundles - 	Entry: C:\Users\P1346838\Downloads\sts-4.17.1.RELEASE\plugins\org.eclipse.m2e.maven.runtime_3.8.604.20221130-2149\jars\wagon-file-3.5.1.jar
2023-01-17 13:31:11,883 [Worker-3: Launching Executing clean in C__Sts_SpringBootCrudOperationEx] INFO  o.eclipse.m2e.core.internal.Bundles - 	Entry: C:\Users\P1346838\Downloads\sts-4.17.1.RELEASE\plugins\org.eclipse.m2e.maven.runtime_3.8.604.20221130-2149\jars\wagon-provider-api-3.5.1.jar
2023-01-17 13:31:11,884 [Worker-3: Launching Executing clean in C__Sts_SpringBootCrudOperationEx] INFO  o.eclipse.m2e.core.internal.Bundles - getClasspathEntries(Bundle=com.google.guava_30.1.0.v20221112-0806 [22])
2023-01-17 13:31:11,903 [Worker-3: Launching Executing clean in C__Sts_SpringBootCrudOperationEx] INFO  o.eclipse.m2e.core.internal.Bundles - 	Entry: C:\Users\P1346838\Downloads\sts-4.17.1.RELEASE\plugins\com.google.guava_30.1.0.v20221112-0806.jar
2023-01-17 13:31:11,903 [Worker-3: Launching Executing clean in C__Sts_SpringBootCrudOperationEx] INFO  o.eclipse.m2e.core.internal.Bundles - getClasspathEntries(Bundle=slf4j.api_1.7.36 [584])
2023-01-17 13:31:12,139 [Worker-3: Launching Executing clean in C__Sts_SpringBootCrudOperationEx] INFO  o.eclipse.m2e.core.internal.Bundles - 	Entry: C:\Users\P1346838\Downloads\sts-4.17.1.RELEASE\plugins\slf4j.api_1.7.36.jar
2023-01-17 13:31:12,140 [Worker-3: Launching Executing clean in C__Sts_SpringBootCrudOperationEx] INFO  o.eclipse.m2e.core.internal.Bundles - getClasspathEntries(Bundle=javax.inject_1.0.0.v20220405-0441 [49])
2023-01-17 13:31:12,582 [Worker-3: Launching Executing clean in C__Sts_SpringBootCrudOperationEx] INFO  o.eclipse.m2e.core.internal.Bundles - 	Entry: C:\Users\P1346838\Downloads\sts-4.17.1.RELEASE\plugins\javax.inject_1.0.0.v20220405-0441.jar
2023-01-17 13:31:12,582 [Worker-3: Launching Executing clean in C__Sts_SpringBootCrudOperationEx] INFO  o.eclipse.m2e.core.internal.Bundles - getClasspathEntries(Bundle=javax.annotation_1.3.5.v20221112-0806 [47])
2023-01-17 13:31:13,071 [Worker-3: Launching Executing clean in C__Sts_SpringBootCrudOperationEx] INFO  o.eclipse.m2e.core.internal.Bundles - 	Entry: C:\Users\P1346838\Downloads\sts-4.17.1.RELEASE\plugins\javax.annotation_1.3.5.v20221112-0806.jar
2023-01-17 13:31:13,081 [Worker-3: Launching Executing clean in C__Sts_SpringBootCrudOperationEx] INFO  o.e.m.i.launch.MavenLaunchDelegate - Run build in "C:\Sts\SpringBootCrudOperationEx":
2023-01-17 13:31:13,083 [Worker-3: Launching Executing clean in C__Sts_SpringBootCrudOperationEx] INFO  o.e.m.i.launch.MavenLaunchDelegate -  mvn  -Ppom.xml -B -Dstyle.color=always clean
2023-01-17 13:31:19,070 [Worker-12: Building] INFO  o.a.m.s.f.DefaultMavenResourcesFiltering - Copying 1 resource
2023-01-17 13:31:19,120 [Worker-12: Building] INFO  o.a.m.s.f.DefaultMavenResourcesFiltering - Copying 0 resource
2023-01-17 13:31:19,125 [Worker-12: Building] INFO  o.a.m.s.f.DefaultMavenResourcesFiltering - skip non existing resourceDirectory C:\Sts\SpringBootCrudOperationEx\src\test\resources
2023-01-17 13:31:19,126 [Worker-12: Building] INFO  o.e.m.w.i.f.ResourceFilteringBuildParticipant - Changed resources require a complete clean of filtered resources of SpringBootCrudOperationEx
2023-01-17 13:31:19,126 [Worker-12: Building] INFO  o.e.m.w.i.f.ResourceFilteringBuildParticipant - Executing resource filtering for SpringBootCrudOperationEx
2023-01-17 13:31:34,812 [Worker-14: Launching Executing install in C__Sts_SpringBootCrudOperationEx] INFO  o.e.m.i.launch.MavenLaunchDelegate - Run build in "C:\Sts\SpringBootCrudOperationEx":
2023-01-17 13:31:34,813 [Worker-14: Launching Executing install in C__Sts_SpringBootCrudOperationEx] INFO  o.e.m.i.launch.MavenLaunchDelegate -  mvn  -Ppom.xml -B -Dstyle.color=always install
2023-01-17 13:32:05,215 [Worker-15: Building] INFO  o.a.m.s.f.DefaultMavenResourcesFiltering - Copying 1 resource
2023-01-17 13:32:05,228 [Worker-15: Building] INFO  o.a.m.s.f.DefaultMavenResourcesFiltering - Copying 0 resource
2023-01-17 13:32:05,234 [Worker-15: Building] INFO  o.a.m.s.f.DefaultMavenResourcesFiltering - skip non existing resourceDirectory C:\Sts\SpringBootCrudOperationEx\src\test\resources
2023-01-17 13:32:26,967 [main] INFO  o.e.m2e.actions.ExecutePomAction - Creating new launch configuration
